<?xml version="1.0" encoding="UTF-8"?>
<testng-results ignored="0" total="1" passed="1" failed="0" skipped="0">
  <reporter-output>
  </reporter-output>
  <suite started-at="2023-09-13T19:25:53 IST" name="Default suite" finished-at="2023-09-13T19:26:00 IST" duration-ms="6496">
    <groups>
    </groups>
    <test started-at="2023-09-13T19:25:53 IST" name="Default test" finished-at="2023-09-13T19:26:00 IST" duration-ms="6496">
      <class name="in.debasish.datepicker.MakeMyTrip">
        <test-method is-config="true" signature="setUp()[pri:0, instance:in.debasish.datepicker.MakeMyTrip@7c6908d7]" started-at="2023-09-13T19:25:53 IST" name="setUp" finished-at="2023-09-13T19:25:59 IST" duration-ms="5298" status="PASS">
          <reporter-output>
          </reporter-output>
        </test-method> <!-- setUp -->
        <test-method signature="datePicker()[pri:0, instance:in.debasish.datepicker.MakeMyTrip@7c6908d7]" started-at="2023-09-13T19:25:59 IST" name="datePicker" finished-at="2023-09-13T19:26:00 IST" duration-ms="1149" status="PASS">
          <reporter-output>
          </reporter-output>
        </test-method> <!-- datePicker -->
      </class> <!-- in.debasish.datepicker.MakeMyTrip -->
    </test> <!-- Default test -->
  </suite> <!-- Default suite -->
</testng-results>
