<?xml version="1.0" encoding="UTF-8"?>
<!-- Generated by org.testng.reporters.JUnitXMLReporter -->
<testsuite ignored="0" hostname="Debasish" failures="0" tests="6" name="Test" time="19.154" errors="0" timestamp="2023-08-08T19:42:23 IST">
  <testcase classname="in.debasish.testng.secondTest" name="openApp" time="16.462"/>
  <testcase classname="in.debasish.testng.secondTest" name="logIn" time="2.449"/>
  <testcase classname="in.debasish.testng.secondTest" name="closeApp" time="0.198"/>
  <testcase classname="in.debasish.testng.FirstTestNGCase" name="logIn" time="0.001"/>
  <testcase classname="in.debasish.testng.FirstTestNGCase" name="Application" time="0.0"/>
  <testcase classname="in.debasish.testng.FirstTestNGCase" name="logOut" time="0.001"/>
</testsuite> <!-- Test -->
